<?xml version="1.0" encoding="UTF-8"?>
<!-- Generated by org.testng.reporters.JUnitXMLReporter -->
<testsuite ignored="5" hostname="CODE-IS-LIFE" failures="0" tests="1" name="Default test" time="0.428" errors="0" timestamp="2024-08-17T21:00:39 IST">
  <testcase classname="com.opencart.base.BaseTest" name="@BeforeTest setup" time="-1.723908638769E9">
    <failure type="org.testng.TestNGException" message="
Parameter &amp;apos;browser&amp;apos; is required by BeforeTest on method setup but has not been marked @Optional or defined
in C:\Users\sanjay\AppData\Local\Temp\testng-eclipse--628567349\testng-customsuite.xml">
      <![CDATA[org.testng.TestNGException: 
Parameter 'browser' is required by BeforeTest on method setup but has not been marked @Optional or defined
in C:\Users\sanjay\AppData\Local\Temp\testng-eclipse--628567349\testng-customsuite.xml
at org.testng.internal.Parameters.createParams(Parameters.java:264)
at org.testng.internal.Parameters.createParametersForMethod(Parameters.java:352)
at org.testng.internal.Parameters.createParameters(Parameters.java:690)
at org.testng.internal.Parameters.createConfigurationParameters(Parameters.java:163)
at org.testng.internal.invokers.ConfigInvoker.invokeConfigurations(ConfigInvoker.java:313)
at org.testng.TestRunner.invokeTestConfigurations(TestRunner.java:655)
at org.testng.TestRunner.beforeRun(TestRunner.java:644)
at org.testng.TestRunner.run(TestRunner.java:610)
at org.testng.SuiteRunner.runTest(SuiteRunner.java:421)
at org.testng.SuiteRunner.runSequentially(SuiteRunner.java:413)
at org.testng.SuiteRunner.privateRun(SuiteRunner.java:373)
at org.testng.SuiteRunner.run(SuiteRunner.java:312)
at org.testng.SuiteRunnerWorker.runSuite(SuiteRunnerWorker.java:52)
at org.testng.SuiteRunnerWorker.run(SuiteRunnerWorker.java:95)
at org.testng.TestNG.runSuitesSequentially(TestNG.java:1274)
at org.testng.TestNG.runSuitesLocally(TestNG.java:1208)
at org.testng.TestNG.runSuites(TestNG.java:1112)
at org.testng.TestNG.run(TestNG.java:1079)
at org.testng.remote.AbstractRemoteTestNG.run(AbstractRemoteTestNG.java:115)
at org.testng.remote.RemoteTestNG.initAndRun(RemoteTestNG.java:293)
at org.testng.remote.RemoteTestNG.main(RemoteTestNG.java:91)
]]>
    </failure>
  </testcase> <!-- @BeforeTest setup -->
  <testcase classname="com.opencart.tests.AccountsPageTest" name="@BeforeClass accSetup" time="0.0">
    <skipped/>
  </testcase> <!-- @BeforeClass accSetup -->
  <testcase classname="com.opencart.base.BaseTest" name="@AfterTest tearDown" time="0.0">
    <skipped/>
  </testcase> <!-- @AfterTest tearDown -->
  <testcase classname="com.opencart.tests.AccountsPageTest" name="accPageHeadersTest" time="0.0">
    <skipped/>
  </testcase> <!-- accPageHeadersTest -->
  <testcase classname="com.opencart.tests.AccountsPageTest" name="searchTest" time="0.0">
    <ignored/>
  </testcase> <!-- searchTest -->
  <testcase classname="com.opencart.tests.AccountsPageTest" name="isMyAccountLinkExist" time="0.0">
    <ignored/>
  </testcase> <!-- isMyAccountLinkExist -->
  <testcase classname="com.opencart.tests.AccountsPageTest" name="accPageURLTest" time="0.0">
    <ignored/>
  </testcase> <!-- accPageURLTest -->
  <testcase classname="com.opencart.tests.AccountsPageTest" name="accPageTitleTest" time="0.0">
    <ignored/>
  </testcase> <!-- accPageTitleTest -->
  <testcase classname="com.opencart.tests.AccountsPageTest" name="isLogoutLinkExistTest" time="0.0">
    <ignored/>
  </testcase> <!-- isLogoutLinkExistTest -->
</testsuite> <!-- Default test -->
