{"uuid":"dc54211d-5d39-4a4f-9ae4-4bebe574ee77","name":"product page info Test","children":["ab46f1e6-1de6-4dea-8821-0b5ad3226cac","bee009d7-13ee-437d-9c8e-7acd11040768","5935e884-f0a9-4b85-9b24-a8bc0430a4b0","98a130d0-6f23-438b-b59b-cdff6bca9754","4ca93f22-43de-4712-be45-87241c6a2159","a32e8633-ad45-453d-acda-ad3232a9c3ea","9b8c865d-d7ca-48b9-b901-92993e23292c","1bf6a8fd-5234-4bb0-a50b-ac95a92922e3","df2aa2f3-d95b-48df-9679-fa770564fdd3","73c6bdc5-68f3-456f-99a4-d341e2da5419"],"befores":[{"name":"setup","status":"broken","statusDetails":{"known":false,"muted":false,"flaky":false,"message":"====WRONG ENV NAME==== : true","trace":"com.opencart.exceptions.FrameworkException: ====WRONG ENV NAME==== : true\r\n\tat com.opencart.factory.DriverFactory.initProp(DriverFactory.java:134)\r\n\tat com.opencart.base.BaseTest.setup(BaseTest.java:44)\r\n\tat java.base/jdk.internal.reflect.NativeMethodAccessorImpl.invoke0(Native Method)\r\n\tat java.base/jdk.internal.reflect.NativeMethodAccessorImpl.invoke(NativeMethodAccessorImpl.java:77)\r\n\tat java.base/jdk.internal.reflect.DelegatingMethodAccessorImpl.invoke(DelegatingMethodAccessorImpl.java:43)\r\n\tat java.base/java.lang.reflect.Method.invoke(Method.java:568)\r\n\tat org.testng.internal.invokers.MethodInvocationHelper.invokeMethod(MethodInvocationHelper.java:141)\r\n\tat org.testng.internal.invokers.MethodInvocationHelper.invokeMethodConsideringTimeout(MethodInvocationHelper.java:71)\r\n\tat org.testng.internal.invokers.ConfigInvoker.invokeConfigurationMethod(ConfigInvoker.java:400)\r\n\tat org.testng.internal.invokers.ConfigInvoker.invokeConfigurations(ConfigInvoker.java:333)\r\n\tat org.testng.TestRunner.invokeTestConfigurations(TestRunner.java:655)\r\n\tat org.testng.TestRunner.beforeRun(TestRunner.java:644)\r\n\tat org.testng.TestRunner.run(TestRunner.java:610)\r\n\tat org.testng.SuiteRunner.runTest(SuiteRunner.java:421)\r\n\tat org.testng.SuiteRunner$SuiteWorker.run(SuiteRunner.java:463)\r\n\tat org.testng.internal.thread.ThreadUtil.lambda$execute$0(ThreadUtil.java:64)\r\n\tat java.base/java.util.concurrent.FutureTask.run(FutureTask.java:264)\r\n\tat java.base/java.util.concurrent.ThreadPoolExecutor.runWorker(ThreadPoolExecutor.java:1136)\r\n\tat java.base/java.util.concurrent.ThreadPoolExecutor$Worker.run(ThreadPoolExecutor.java:635)\r\n\tat java.base/java.lang.Thread.run(Thread.java:842)\r\n"},"stage":"finished","description":"","steps":[{"name":"Setup : launching chrome browser & init the properties","status":"broken","statusDetails":{"known":false,"muted":false,"flaky":false,"message":"====WRONG ENV NAME==== : true","trace":"com.opencart.exceptions.FrameworkException: ====WRONG ENV NAME==== : true\r\n\tat com.opencart.factory.DriverFactory.initProp(DriverFactory.java:134)\r\n\tat com.opencart.base.BaseTest.setup(BaseTest.java:44)\r\n\tat java.base/jdk.internal.reflect.NativeMethodAccessorImpl.invoke0(Native Method)\r\n\tat java.base/jdk.internal.reflect.NativeMethodAccessorImpl.invoke(NativeMethodAccessorImpl.java:77)\r\n\tat java.base/jdk.internal.reflect.DelegatingMethodAccessorImpl.invoke(DelegatingMethodAccessorImpl.java:43)\r\n\tat java.base/java.lang.reflect.Method.invoke(Method.java:568)\r\n\tat org.testng.internal.invokers.MethodInvocationHelper.invokeMethod(MethodInvocationHelper.java:141)\r\n\tat org.testng.internal.invokers.MethodInvocationHelper.invokeMethodConsideringTimeout(MethodInvocationHelper.java:71)\r\n\tat org.testng.internal.invokers.ConfigInvoker.invokeConfigurationMethod(ConfigInvoker.java:400)\r\n\tat org.testng.internal.invokers.ConfigInvoker.invokeConfigurations(ConfigInvoker.java:333)\r\n\tat org.testng.TestRunner.invokeTestConfigurations(TestRunner.java:655)\r\n\tat org.testng.TestRunner.beforeRun(TestRunner.java:644)\r\n\tat org.testng.TestRunner.run(TestRunner.java:610)\r\n\tat org.testng.SuiteRunner.runTest(SuiteRunner.java:421)\r\n\tat org.testng.SuiteRunner$SuiteWorker.run(SuiteRunner.java:463)\r\n\tat org.testng.internal.thread.ThreadUtil.lambda$execute$0(ThreadUtil.java:64)\r\n\tat java.base/java.util.concurrent.FutureTask.run(FutureTask.java:264)\r\n\tat java.base/java.util.concurrent.ThreadPoolExecutor.runWorker(ThreadPoolExecutor.java:1136)\r\n\tat java.base/java.util.concurrent.ThreadPoolExecutor$Worker.run(ThreadPoolExecutor.java:635)\r\n\tat java.base/java.lang.Thread.run(Thread.java:842)\r\n"},"stage":"finished","steps":[],"attachments":[],"parameters":[{"name":"browserName","value":"chrome"}],"start":1721350270351,"stop":1721350270361}],"attachments":[],"parameters":[],"start":1721350270324,"stop":1721350270363},{"name":"infoPageSetup","status":"broken","stage":"finished","description":"","steps":[],"attachments":[],"parameters":[],"start":1721350270531,"stop":1721350270531}],"afters":[{"name":"tearDown","status":"broken","stage":"finished","description":"","steps":[],"attachments":[],"parameters":[],"start":1721350270619,"stop":1721350270619}],"start":1721350270284,"stop":1721350270620}