<?xml version="1.0" encoding="UTF-8"?>
<!-- Generated by org.testng.reporters.JUnitXMLReporter -->
<testsuite ignored="0" hostname="LAPTOP-AE49641U" failures="0" tests="0" name="Search result page Test" time="0.539" errors="0" timestamp="2024-07-30T04:50:24 IST">
  <testcase classname="com.opencart.base.BaseTest" name="@BeforeTest setup" time="-1.722295223484E9">
    <failure type="org.testng.TestNGException" message="
Parameter &amp;apos;browserversion&amp;apos; is required by BeforeTest on method setup but has not been marked @Optional or defined
in C:\Users\sanjay\eclipse-workspace\com.opencart\src\test\resources\testrunners\testng_regression.xml">
      <![CDATA[org.testng.TestNGException: 
Parameter 'browserversion' is required by BeforeTest on method setup but has not been marked @Optional or defined
in C:\Users\sanjay\eclipse-workspace\com.opencart\src\test\resources\testrunners\testng_regression.xml
at org.testng.internal.Parameters.createParams(Parameters.java:264)
at org.testng.internal.Parameters.createParametersForMethod(Parameters.java:352)
at org.testng.internal.Parameters.createParameters(Parameters.java:690)
at org.testng.internal.Parameters.createConfigurationParameters(Parameters.java:163)
at org.testng.internal.invokers.ConfigInvoker.invokeConfigurations(ConfigInvoker.java:313)
at org.testng.TestRunner.invokeTestConfigurations(TestRunner.java:655)
at org.testng.TestRunner.beforeRun(TestRunner.java:644)
at org.testng.TestRunner.run(TestRunner.java:610)
at org.testng.SuiteRunner.runTest(SuiteRunner.java:421)
at org.testng.SuiteRunner$SuiteWorker.run(SuiteRunner.java:463)
at org.testng.internal.thread.ThreadUtil.lambda$execute$0(ThreadUtil.java:64)
at java.base/java.util.concurrent.FutureTask.run(FutureTask.java:264)
at java.base/java.util.concurrent.ThreadPoolExecutor.runWorker(ThreadPoolExecutor.java:1136)
at java.base/java.util.concurrent.ThreadPoolExecutor$Worker.run(ThreadPoolExecutor.java:635)
at java.base/java.lang.Thread.run(Thread.java:840)
]]>
    </failure>
  </testcase> <!-- @BeforeTest setup -->
  <testcase classname="com.opencart.tests.RegistrationPageTest" name="@BeforeTest registrationSetup" time="0.0">
    <skipped/>
  </testcase> <!-- @BeforeTest registrationSetup -->
  <testcase classname="com.opencart.base.BaseTest" name="@AfterTest tearDown" time="0.0">
    <skipped/>
  </testcase> <!-- @AfterTest tearDown -->
</testsuite> <!-- Search result page Test -->
